Logfile initialized
[INFO] logfile = /Users/thewarpedcoder/Documents/Titanium Studio Workspace/augmentedti/build.log
[DEBUG] /Library/Application Support/Titanium/mobilesdk/osx/2.1.0.GA/android/builder.py install augmentedTi /Users/thewarpedcoder/android-sdk-mac_x86 /Users/thewarpedcoder/Documents/Titanium Studio Workspace/augmentedti com.softlywired.augmentedTiDev 12
[INFO] Titanium SDK version: 2.1.0 (06/28/12 12:16 6e3cab6)
[DEBUG] Waiting for device to be ready ...
[TRACE] adb devices returned 1 devices/emulators
[DEBUG] Device connected... (waited 0 seconds)
[DEBUG] waited 3.233030 seconds on emulator to get ready
[INFO] Waiting for the Android Emulator to become available
[DEBUG] com.softlywired.augmentedTiDev installed? False
[INFO] Copying CommonJS modules...
[INFO] Copying project resources..
[INFO] Detected change in tiapp.xml, or assets deleted. Forcing full re-build...
[TRACE] COPYING CREATED FILE: /Users/thewarpedcoder/Documents/Titanium Studio Workspace/augmentedti/Resources/android/augmentedTi.png => /Users/thewarpedcoder/Documents/Titanium Studio Workspace/augmentedti/build/android/bin/assets/Resources/augmentedTi.png
[TRACE] COPYING CREATED FILE: /Users/thewarpedcoder/Documents/Titanium Studio Workspace/augmentedti/Resources/android/default.png => /Users/thewarpedcoder/Documents/Titanium Studio Workspace/augmentedti/build/android/bin/assets/Resources/default.png
[TRACE] COPYING CREATED FILE: /Users/thewarpedcoder/Documents/Titanium Studio Workspace/augmentedti/Resources/app.js => /Users/thewarpedcoder/Documents/Titanium Studio Workspace/augmentedti/build/android/bin/assets/Resources/app.js
[TRACE] COPYING CREATED FILE: /Users/thewarpedcoder/Documents/Titanium Studio Workspace/augmentedti/Resources/control/controller.js => /Users/thewarpedcoder/Documents/Titanium Studio Workspace/augmentedti/build/android/bin/assets/Resources/control/controller.js
[TRACE] COPYING CREATED FILE: /Users/thewarpedcoder/Documents/Titanium Studio Workspace/augmentedti/Resources/images/powered-by-google-on-non-white.png => /Users/thewarpedcoder/Documents/Titanium Studio Workspace/augmentedti/build/android/bin/assets/Resources/images/powered-by-google-on-non-white.png
[TRACE] COPYING CREATED FILE: /Users/thewarpedcoder/Documents/Titanium Studio Workspace/augmentedti/Resources/images/powered-by-google-on-non-white@2x.png => /Users/thewarpedcoder/Documents/Titanium Studio Workspace/augmentedti/build/android/bin/assets/Resources/images/powered-by-google-on-non-white@2x.png
[TRACE] COPYING CREATED FILE: /Users/thewarpedcoder/Documents/Titanium Studio Workspace/augmentedti/Resources/images/radar.png => /Users/thewarpedcoder/Documents/Titanium Studio Workspace/augmentedti/build/android/bin/assets/Resources/images/radar.png
[TRACE] COPYING CREATED FILE: /Users/thewarpedcoder/Documents/Titanium Studio Workspace/augmentedti/Resources/iTunesArtwork => /Users/thewarpedcoder/Documents/Titanium Studio Workspace/augmentedti/build/android/bin/assets/Resources/iTunesArtwork
[TRACE] COPYING CREATED FILE: /Users/thewarpedcoder/Documents/Titanium Studio Workspace/augmentedti/Resources/services/googleFeed.js => /Users/thewarpedcoder/Documents/Titanium Studio Workspace/augmentedti/build/android/bin/assets/Resources/services/googleFeed.js
[TRACE] COPYING CREATED FILE: /Users/thewarpedcoder/Documents/Titanium Studio Workspace/augmentedti/Resources/services/location.js => /Users/thewarpedcoder/Documents/Titanium Studio Workspace/augmentedti/build/android/bin/assets/Resources/services/location.js
[TRACE] COPYING CREATED FILE: /Users/thewarpedcoder/Documents/Titanium Studio Workspace/augmentedti/Resources/tools/augmentedReality.js => /Users/thewarpedcoder/Documents/Titanium Studio Workspace/augmentedti/build/android/bin/assets/Resources/tools/augmentedReality.js
[TRACE] COPYING CREATED FILE: /Users/thewarpedcoder/Documents/Titanium Studio Workspace/augmentedti/Resources/tools/common.js => /Users/thewarpedcoder/Documents/Titanium Studio Workspace/augmentedti/build/android/bin/assets/Resources/tools/common.js
[TRACE] COPYING CREATED FILE: /Users/thewarpedcoder/Documents/Titanium Studio Workspace/augmentedti/Resources/tools/iosBackgroundService.js => /Users/thewarpedcoder/Documents/Titanium Studio Workspace/augmentedti/build/android/bin/assets/Resources/tools/iosBackgroundService.js
[TRACE] COPYING CREATED FILE: /Users/thewarpedcoder/Documents/Titanium Studio Workspace/augmentedti/Resources/tools/persHandler.js => /Users/thewarpedcoder/Documents/Titanium Studio Workspace/augmentedti/build/android/bin/assets/Resources/tools/persHandler.js
[TRACE] COPYING CREATED FILE: /Users/thewarpedcoder/Documents/Titanium Studio Workspace/augmentedti/Resources/ui/common/activity.js => /Users/thewarpedcoder/Documents/Titanium Studio Workspace/augmentedti/build/android/bin/assets/Resources/ui/common/activity.js
[TRACE] COPYING CREATED FILE: /Users/thewarpedcoder/Documents/Titanium Studio Workspace/augmentedti/Resources/ui/common/titleBar.js => /Users/thewarpedcoder/Documents/Titanium Studio Workspace/augmentedti/build/android/bin/assets/Resources/ui/common/titleBar.js
[TRACE] COPYING CREATED FILE: /Users/thewarpedcoder/Documents/Titanium Studio Workspace/augmentedti/Resources/ui/images.js => /Users/thewarpedcoder/Documents/Titanium Studio Workspace/augmentedti/build/android/bin/assets/Resources/ui/images.js
[TRACE] COPYING CREATED FILE: /Users/thewarpedcoder/Documents/Titanium Studio Workspace/augmentedti/Resources/ui/layout.js => /Users/thewarpedcoder/Documents/Titanium Studio Workspace/augmentedti/build/android/bin/assets/Resources/ui/layout.js
[TRACE] COPYING CREATED FILE: /Users/thewarpedcoder/Documents/Titanium Studio Workspace/augmentedti/Resources/ui/screens/ARScreen.js => /Users/thewarpedcoder/Documents/Titanium Studio Workspace/augmentedti/build/android/bin/assets/Resources/ui/screens/ARScreen.js
[TRACE] COPYING CREATED FILE: /Users/thewarpedcoder/Documents/Titanium Studio Workspace/augmentedti/Resources/ui/screens/homeScreen.js => /Users/thewarpedcoder/Documents/Titanium Studio Workspace/augmentedti/build/android/bin/assets/Resources/ui/screens/homeScreen.js
[TRACE] Generating Java Classes
[DEBUG] Processing Android resource drawables
[DEBUG] app stylesheet => /Users/thewarpedcoder/Documents/Titanium Studio Workspace/augmentedti/build/android/gen/com/softlywired/augmentedTiDev/ApplicationStylesheet.java
[DEBUG] copying app icon: /Users/thewarpedcoder/Documents/Titanium Studio Workspace/augmentedti/build/android/bin/assets/Resources/augmentedTi.png
[DEBUG] generating theme.xml
[DEBUG] found drawable-long-land-hdpi splash screen at /Users/thewarpedcoder/Documents/Titanium Studio Workspace/augmentedti/Resources/android/images/res-long-land-hdpi/default.png
[DEBUG] copying /Users/thewarpedcoder/Documents/Titanium Studio Workspace/augmentedti/Resources/android/images/res-long-land-hdpi/default.png splash screen to /Users/thewarpedcoder/Documents/Titanium Studio Workspace/augmentedti/build/android/res/drawable-long-land-hdpi/background.png
[DEBUG] found drawable-long-land-ldpi splash screen at /Users/thewarpedcoder/Documents/Titanium Studio Workspace/augmentedti/Resources/android/images/res-long-land-ldpi/default.png
[DEBUG] copying /Users/thewarpedcoder/Documents/Titanium Studio Workspace/augmentedti/Resources/android/images/res-long-land-ldpi/default.png splash screen to /Users/thewarpedcoder/Documents/Titanium Studio Workspace/augmentedti/build/android/res/drawable-long-land-ldpi/background.png
[DEBUG] found drawable-long-port-hdpi splash screen at /Users/thewarpedcoder/Documents/Titanium Studio Workspace/augmentedti/Resources/android/images/res-long-port-hdpi/default.png
[DEBUG] copying /Users/thewarpedcoder/Documents/Titanium Studio Workspace/augmentedti/Resources/android/images/res-long-port-hdpi/default.png splash screen to /Users/thewarpedcoder/Documents/Titanium Studio Workspace/augmentedti/build/android/res/drawable-long-port-hdpi/background.png
[DEBUG] found drawable-long-port-ldpi splash screen at /Users/thewarpedcoder/Documents/Titanium Studio Workspace/augmentedti/Resources/android/images/res-long-port-ldpi/default.png
[DEBUG] copying /Users/thewarpedcoder/Documents/Titanium Studio Workspace/augmentedti/Resources/android/images/res-long-port-ldpi/default.png splash screen to /Users/thewarpedcoder/Documents/Titanium Studio Workspace/augmentedti/build/android/res/drawable-long-port-ldpi/background.png
[DEBUG] found drawable-notlong-land-hdpi splash screen at /Users/thewarpedcoder/Documents/Titanium Studio Workspace/augmentedti/Resources/android/images/res-notlong-land-hdpi/default.png
[DEBUG] copying /Users/thewarpedcoder/Documents/Titanium Studio Workspace/augmentedti/Resources/android/images/res-notlong-land-hdpi/default.png splash screen to /Users/thewarpedcoder/Documents/Titanium Studio Workspace/augmentedti/build/android/res/drawable-notlong-land-hdpi/background.png
[DEBUG] found drawable-notlong-land-ldpi splash screen at /Users/thewarpedcoder/Documents/Titanium Studio Workspace/augmentedti/Resources/android/images/res-notlong-land-ldpi/default.png
[DEBUG] copying /Users/thewarpedcoder/Documents/Titanium Studio Workspace/augmentedti/Resources/android/images/res-notlong-land-ldpi/default.png splash screen to /Users/thewarpedcoder/Documents/Titanium Studio Workspace/augmentedti/build/android/res/drawable-notlong-land-ldpi/background.png
[DEBUG] found drawable-notlong-land-mdpi splash screen at /Users/thewarpedcoder/Documents/Titanium Studio Workspace/augmentedti/Resources/android/images/res-notlong-land-mdpi/default.png
[DEBUG] copying /Users/thewarpedcoder/Documents/Titanium Studio Workspace/augmentedti/Resources/android/images/res-notlong-land-mdpi/default.png splash screen to /Users/thewarpedcoder/Documents/Titanium Studio Workspace/augmentedti/build/android/res/drawable-notlong-land-mdpi/background.png
[DEBUG] found drawable-notlong-port-hdpi splash screen at /Users/thewarpedcoder/Documents/Titanium Studio Workspace/augmentedti/Resources/android/images/res-notlong-port-hdpi/default.png
[DEBUG] copying /Users/thewarpedcoder/Documents/Titanium Studio Workspace/augmentedti/Resources/android/images/res-notlong-port-hdpi/default.png splash screen to /Users/thewarpedcoder/Documents/Titanium Studio Workspace/augmentedti/build/android/res/drawable-notlong-port-hdpi/background.png
[DEBUG] found drawable-notlong-port-ldpi splash screen at /Users/thewarpedcoder/Documents/Titanium Studio Workspace/augmentedti/Resources/android/images/res-notlong-port-ldpi/default.png
[DEBUG] copying /Users/thewarpedcoder/Documents/Titanium Studio Workspace/augmentedti/Resources/android/images/res-notlong-port-ldpi/default.png splash screen to /Users/thewarpedcoder/Documents/Titanium Studio Workspace/augmentedti/build/android/res/drawable-notlong-port-ldpi/background.png
[DEBUG] found drawable-notlong-port-mdpi splash screen at /Users/thewarpedcoder/Documents/Titanium Studio Workspace/augmentedti/Resources/android/images/res-notlong-port-mdpi/default.png
[DEBUG] copying /Users/thewarpedcoder/Documents/Titanium Studio Workspace/augmentedti/Resources/android/images/res-notlong-port-mdpi/default.png splash screen to /Users/thewarpedcoder/Documents/Titanium Studio Workspace/augmentedti/build/android/res/drawable-notlong-port-mdpi/background.png
[DEBUG] found splash screen at /Users/thewarpedcoder/Documents/Titanium Studio Workspace/augmentedti/build/android/bin/assets/Resources/default.png
[TRACE] Writing out AndroidManifest.xml
[DEBUG] adding /Users/thewarpedcoder/Documents/Titanium Studio Workspace/augmentedti/build/android/gen/com/softlywired/augmentedTiDev/ApplicationStylesheet.java to javac build list
[DEBUG] adding /Users/thewarpedcoder/Documents/Titanium Studio Workspace/augmentedti/build/android/gen/com/softlywired/augmentedTiDev/AugmentedtiActivity.java to javac build list
[DEBUG] adding /Users/thewarpedcoder/Documents/Titanium Studio Workspace/augmentedti/build/android/gen/com/softlywired/augmentedTiDev/AugmentedtiAppInfo.java to javac build list
[DEBUG] adding /Users/thewarpedcoder/Documents/Titanium Studio Workspace/augmentedti/build/android/gen/com/softlywired/augmentedTiDev/AugmentedtiApplication.java to javac build list
[DEBUG] adding /Users/thewarpedcoder/Documents/Titanium Studio Workspace/augmentedti/build/android/gen/com/softlywired/augmentedTiDev/R.java to javac build list
[DEBUG] Building Java Sources: "/Users/thewarpedcoder/Documents/Titanium Studio Workspace/augmentedti/build/android/gen/com/softlywired/augmentedTiDev/ApplicationStylesheet.java" "/Users/thewarpedcoder/Documents/Titanium Studio Workspace/augmentedti/build/android/gen/com/softlywired/augmentedTiDev/AugmentedtiActivity.java" "/Users/thewarpedcoder/Documents/Titanium Studio Workspace/augmentedti/build/android/gen/com/softlywired/augmentedTiDev/AugmentedtiAppInfo.java" "/Users/thewarpedcoder/Documents/Titanium Studio Workspace/augmentedti/build/android/gen/com/softlywired/augmentedTiDev/AugmentedtiApplication.java" "/Users/thewarpedcoder/Documents/Titanium Studio Workspace/augmentedti/build/android/gen/com/softlywired/augmentedTiDev/R.java"
[INFO] Compiling Android Resources... This could take some time
[DEBUG] Android classes.dex built
[DEBUG] creating unsigned apk: /Users/thewarpedcoder/Documents/Titanium Studio Workspace/augmentedti/build/android/bin/app-unsigned.apk
[DEBUG] from resource zip => assets/Resources/control/controller.js
[DEBUG] from resource zip => assets/Resources/images/powered-by-google-on-non-white.png
[DEBUG] from resource zip => assets/Resources/images/powered-by-google-on-non-white@2x.png
[DEBUG] from resource zip => assets/Resources/images/radar.png
[DEBUG] from resource zip => assets/Resources/services/googleFeed.js
[DEBUG] from resource zip => assets/Resources/services/location.js
[DEBUG] from resource zip => assets/Resources/tools/augmentedReality.js
[DEBUG] from resource zip => assets/Resources/tools/common.js
[DEBUG] from resource zip => assets/Resources/tools/iosBackgroundService.js
[DEBUG] from resource zip => assets/Resources/tools/persHandler.js
[DEBUG] from resource zip => assets/Resources/ui/common/activity.js
[DEBUG] from resource zip => assets/Resources/ui/common/titleBar.js
[DEBUG] from resource zip => assets/Resources/ui/screens/ARScreen.js
[DEBUG] from resource zip => assets/Resources/ui/screens/homeScreen.js
[DEBUG] from resource zip => assets/Resources/ui/images.js
[DEBUG] from resource zip => assets/Resources/ui/layout.js
[DEBUG] from resource zip => assets/Resources/app.js
[DEBUG] from resource zip => assets/Resources/augmentedTi.png
[DEBUG] from resource zip => assets/Resources/default.png
[DEBUG] from resource zip => assets/Resources/iTunesArtwork
[DEBUG] from resource zip => assets/app.json
[DEBUG] from resource zip => assets/index.json
[DEBUG] from resource zip => assets/tiapp.xml
[DEBUG] from resource zip => res/drawable/appicon.png
[DEBUG] from resource zip => res/drawable/background.png
[DEBUG] from resource zip => res/layout/titanium_tabgroup.xml
[DEBUG] from resource zip => AndroidManifest.xml
[DEBUG] from resource zip => resources.arsc
[DEBUG] from resource zip => res/drawable-long-land-hdpi/background.png
[DEBUG] from resource zip => res/drawable-long-land-ldpi/background.png
[DEBUG] from resource zip => res/drawable-long-port-hdpi/background.png
[DEBUG] from resource zip => res/drawable-long-port-ldpi/background.png
[DEBUG] from resource zip => res/drawable-notlong-land-hdpi/background.png
[DEBUG] from resource zip => res/drawable-notlong-land-ldpi/background.png
[DEBUG] from resource zip => res/drawable-notlong-land-mdpi/background.png
[DEBUG] from resource zip => res/drawable-notlong-port-hdpi/background.png
[DEBUG] from resource zip => res/drawable-notlong-port-ldpi/background.png
[DEBUG] from resource zip => res/drawable-notlong-port-mdpi/background.png
[DEBUG] from JAR /Library/Application Support/Titanium/mobilesdk/osx/2.1.0.GA/android/titanium.jar => org/appcelerator/titanium/build.properties
[DEBUG] from JAR /Library/Application Support/Titanium/mobilesdk/osx/2.1.0.GA/android/titanium.jar => org/appcelerator/titanium/res/drawable/background.png
[DEBUG] from JAR /Library/Application Support/Titanium/mobilesdk/osx/2.1.0.GA/android/titanium.jar => org/appcelerator/titanium/res/drawable/btn_check_buttonless_on.png
[DEBUG] from JAR /Library/Application Support/Titanium/mobilesdk/osx/2.1.0.GA/android/titanium.jar => org/appcelerator/titanium/res/drawable/btn_check_buttonless_on_18.png
[DEBUG] from JAR /Library/Application Support/Titanium/mobilesdk/osx/2.1.0.GA/android/titanium.jar => org/appcelerator/titanium/res/drawable/btn_check_buttonless_on_48.png
[DEBUG] from JAR /Library/Application Support/Titanium/mobilesdk/osx/2.1.0.GA/android/titanium.jar => org/appcelerator/titanium/res/drawable/btn_more.png
[DEBUG] from JAR /Library/Application Support/Titanium/mobilesdk/osx/2.1.0.GA/android/titanium.jar => org/appcelerator/titanium/res/drawable/btn_more_18.png
[DEBUG] from JAR /Library/Application Support/Titanium/mobilesdk/osx/2.1.0.GA/android/titanium.jar => org/appcelerator/titanium/res/drawable/btn_more_48.png
[DEBUG] from JAR /Library/Application Support/Titanium/mobilesdk/osx/2.1.0.GA/android/titanium.jar => org/appcelerator/titanium/res/drawable/btn_picker_normal.9.png
[DEBUG] from JAR /Library/Application Support/Titanium/mobilesdk/osx/2.1.0.GA/android/titanium.jar => org/appcelerator/titanium/res/drawable/btn_picker_pressed.9.png
[DEBUG] from JAR /Library/Application Support/Titanium/mobilesdk/osx/2.1.0.GA/android/titanium.jar => org/appcelerator/titanium/res/drawable/btn_picker_selected.9.png
[DEBUG] from JAR /Library/Application Support/Titanium/mobilesdk/osx/2.1.0.GA/android/titanium.jar => org/appcelerator/titanium/res/drawable/default_icon.png
[DEBUG] from JAR /Library/Application Support/Titanium/mobilesdk/osx/2.1.0.GA/android/titanium.jar => org/appcelerator/titanium/res/drawable/photoDefault.png
[DEBUG] from JAR /Library/Application Support/Titanium/mobilesdk/osx/2.1.0.GA/android/modules/titanium-ui.jar => ti/modules/titanium/ui/widget/webview/binding.js
[DEBUG] from JAR /Library/Application Support/Titanium/mobilesdk/osx/2.1.0.GA/android/modules/titanium-ui.jar => ti/modules/titanium/ui/widget/webview/binding.min.js
[DEBUG] from JAR /Library/Application Support/Titanium/mobilesdk/osx/2.1.0.GA/android/modules/titanium-ui.jar => ti/modules/titanium/ui/widget/webview/json2.js
[DEBUG] from JAR /Library/Application Support/Titanium/mobilesdk/osx/2.1.0.GA/android/thirdparty.jar => org/apache/Commons-NOTICE.txt
[DEBUG] from JAR /Library/Application Support/Titanium/mobilesdk/osx/2.1.0.GA/android/thirdparty.jar => org/apache/HttpComponents-NOTICE.txt
[DEBUG] from JAR /Library/Application Support/Titanium/mobilesdk/osx/2.1.0.GA/android/thirdparty.jar => org/apache/mime4j-NOTICE.txt
[DEBUG] installing native SDK libs
[DEBUG] Waiting for device to be ready ...
[TRACE] adb devices returned 1 devices/emulators
[DEBUG] Device connected... (waited 0 seconds)
[DEBUG] waited 0.058389 seconds on emulator to get ready
[INFO] Installing application on device
[INFO] Application installed. Launch from drawer on Home Screen
